Determining if the Q_WS_WIN exist failed with the following output:
Change Dir: /home/celia/Escritorio/Practica3-Robotica/choca/CMakeFiles/CMakeTmp

Run Build Command:"/usr/bin/make" "cmTC_83918/fast"
/usr/bin/make -f CMakeFiles/cmTC_83918.dir/build.make CMakeFiles/cmTC_83918.dir/build
make[1]: se entra en el directorio '/home/celia/Escritorio/Practica3-Robotica/choca/CMakeFiles/CMakeTmp'
Building CXX object CMakeFiles/cmTC_83918.dir/CheckSymbolExists.cxx.o
/usr/bin/c++   -I/usr/include/qt4   -o CMakeFiles/cmTC_83918.dir/CheckSymbolExists.cxx.o -c /home/celia/Escritorio/Practica3-Robotica/choca/CMakeFiles/CMakeTmp/CheckSymbolExists.cxx
/home/celia/Escritorio/Practica3-Robotica/choca/CMakeFiles/CMakeTmp/CheckSymbolExists.cxx: In function ‘int main(int, char**)’:
/home/celia/Escritorio/Practica3-Robotica/choca/CMakeFiles/CMakeTmp/CheckSymbolExists.cxx:8:19: error: ‘Q_WS_WIN’ was not declared in this scope
   return ((int*)(&Q_WS_WIN))[argc];
                   ^~~~~~~~
/home/celia/Escritorio/Practica3-Robotica/choca/CMakeFiles/CMakeTmp/CheckSymbolExists.cxx:8:19: note: suggested alternative: ‘Q_WS_X11’
   return ((int*)(&Q_WS_WIN))[argc];
                   ^~~~~~~~
                   Q_WS_X11
CMakeFiles/cmTC_83918.dir/build.make:65: recipe for target 'CMakeFiles/cmTC_83918.dir/CheckSymbolExists.cxx.o' failed
make[1]: *** [CMakeFiles/cmTC_83918.dir/CheckSymbolExists.cxx.o] Error 1
make[1]: se sale del directorio '/home/celia/Escritorio/Practica3-Robotica/choca/CMakeFiles/CMakeTmp'
Makefile:126: recipe for target 'cmTC_83918/fast' failed
make: *** [cmTC_83918/fast] Error 2

File /home/celia/Escritorio/Practica3-Robotica/choca/CMakeFiles/CMakeTmp/CheckSymbolExists.cxx:
/* */
#include <QtCore/qglobal.h>

int main(int argc, char** argv)
{
  (void)argv;
#ifndef Q_WS_WIN
  return ((int*)(&Q_WS_WIN))[argc];
#else
  (void)argc;
  return 0;
#endif
}

Determining if the Q_WS_QWS exist failed with the following output:
Change Dir: /home/celia/Escritorio/Practica3-Robotica/choca/CMakeFiles/CMakeTmp

Run Build Command:"/usr/bin/make" "cmTC_93620/fast"
/usr/bin/make -f CMakeFiles/cmTC_93620.dir/build.make CMakeFiles/cmTC_93620.dir/build
make[1]: se entra en el directorio '/home/celia/Escritorio/Practica3-Robotica/choca/CMakeFiles/CMakeTmp'
Building CXX object CMakeFiles/cmTC_93620.dir/CheckSymbolExists.cxx.o
/usr/bin/c++   -I/usr/include/qt4   -o CMakeFiles/cmTC_93620.dir/CheckSymbolExists.cxx.o -c /home/celia/Escritorio/Practica3-Robotica/choca/CMakeFiles/CMakeTmp/CheckSymbolExists.cxx
/home/celia/Escritorio/Practica3-Robotica/choca/CMakeFiles/CMakeTmp/CheckSymbolExists.cxx: In function ‘int main(int, char**)’:
/home/celia/Escritorio/Practica3-Robotica/choca/CMakeFiles/CMakeTmp/CheckSymbolExists.cxx:8:19: error: ‘Q_WS_QWS’ was not declared in this scope
   return ((int*)(&Q_WS_QWS))[argc];
                   ^~~~~~~~
/home/celia/Escritorio/Practica3-Robotica/choca/CMakeFiles/CMakeTmp/CheckSymbolExists.cxx:8:19: note: suggested alternative: ‘Q_WS_X11’
   return ((int*)(&Q_WS_QWS))[argc];
                   ^~~~~~~~
                   Q_WS_X11
CMakeFiles/cmTC_93620.dir/build.make:65: recipe for target 'CMakeFiles/cmTC_93620.dir/CheckSymbolExists.cxx.o' failed
make[1]: *** [CMakeFiles/cmTC_93620.dir/CheckSymbolExists.cxx.o] Error 1
make[1]: se sale del directorio '/home/celia/Escritorio/Practica3-Robotica/choca/CMakeFiles/CMakeTmp'
Makefile:126: recipe for target 'cmTC_93620/fast' failed
make: *** [cmTC_93620/fast] Error 2

File /home/celia/Escritorio/Practica3-Robotica/choca/CMakeFiles/CMakeTmp/CheckSymbolExists.cxx:
/* */
#include <QtCore/qglobal.h>

int main(int argc, char** argv)
{
  (void)argv;
#ifndef Q_WS_QWS
  return ((int*)(&Q_WS_QWS))[argc];
#else
  (void)argc;
  return 0;
#endif
}

Determining if the Q_WS_MAC exist failed with the following output:
Change Dir: /home/celia/Escritorio/Practica3-Robotica/choca/CMakeFiles/CMakeTmp

Run Build Command:"/usr/bin/make" "cmTC_0f305/fast"
/usr/bin/make -f CMakeFiles/cmTC_0f305.dir/build.make CMakeFiles/cmTC_0f305.dir/build
make[1]: se entra en el directorio '/home/celia/Escritorio/Practica3-Robotica/choca/CMakeFiles/CMakeTmp'
Building CXX object CMakeFiles/cmTC_0f305.dir/CheckSymbolExists.cxx.o
/usr/bin/c++   -I/usr/include/qt4   -o CMakeFiles/cmTC_0f305.dir/CheckSymbolExists.cxx.o -c /home/celia/Escritorio/Practica3-Robotica/choca/CMakeFiles/CMakeTmp/CheckSymbolExists.cxx
/home/celia/Escritorio/Practica3-Robotica/choca/CMakeFiles/CMakeTmp/CheckSymbolExists.cxx: In function ‘int main(int, char**)’:
/home/celia/Escritorio/Practica3-Robotica/choca/CMakeFiles/CMakeTmp/CheckSymbolExists.cxx:8:19: error: ‘Q_WS_MAC’ was not declared in this scope
   return ((int*)(&Q_WS_MAC))[argc];
                   ^~~~~~~~
/home/celia/Escritorio/Practica3-Robotica/choca/CMakeFiles/CMakeTmp/CheckSymbolExists.cxx:8:19: note: suggested alternative: ‘Q_WS_X11’
   return ((int*)(&Q_WS_MAC))[argc];
                   ^~~~~~~~
                   Q_WS_X11
CMakeFiles/cmTC_0f305.dir/build.make:65: recipe for target 'CMakeFiles/cmTC_0f305.dir/CheckSymbolExists.cxx.o' failed
make[1]: *** [CMakeFiles/cmTC_0f305.dir/CheckSymbolExists.cxx.o] Error 1
make[1]: se sale del directorio '/home/celia/Escritorio/Practica3-Robotica/choca/CMakeFiles/CMakeTmp'
Makefile:126: recipe for target 'cmTC_0f305/fast' failed
make: *** [cmTC_0f305/fast] Error 2

File /home/celia/Escritorio/Practica3-Robotica/choca/CMakeFiles/CMakeTmp/CheckSymbolExists.cxx:
/* */
#include <QtCore/qglobal.h>

int main(int argc, char** argv)
{
  (void)argv;
#ifndef Q_WS_MAC
  return ((int*)(&Q_WS_MAC))[argc];
#else
  (void)argc;
  return 0;
#endif
}

Determining if the pthread_create exist failed with the following output:
Change Dir: /home/celia/Escritorio/Practica3-Robotica/choca/CMakeFiles/CMakeTmp

Run Build Command:"/usr/bin/make" "cmTC_11fb3/fast"
/usr/bin/make -f CMakeFiles/cmTC_11fb3.dir/build.make CMakeFiles/cmTC_11fb3.dir/build
make[1]: se entra en el directorio '/home/celia/Escritorio/Practica3-Robotica/choca/CMakeFiles/CMakeTmp'
Building C object CMakeFiles/cmTC_11fb3.dir/CheckSymbolExists.c.o
/usr/bin/cc    -o CMakeFiles/cmTC_11fb3.dir/CheckSymbolExists.c.o   -c /home/celia/Escritorio/Practica3-Robotica/choca/CMakeFiles/CMakeTmp/CheckSymbolExists.c
Linking C executable cmTC_11fb3
/usr/bin/cmake -E cmake_link_script CMakeFiles/cmTC_11fb3.dir/link.txt --verbose=1
/usr/bin/cc      -rdynamic CMakeFiles/cmTC_11fb3.dir/CheckSymbolExists.c.o  -o cmTC_11fb3 
CMakeFiles/cmTC_11fb3.dir/CheckSymbolExists.c.o: En la función `main':
CheckSymbolExists.c:(.text+0x1b): referencia a `pthread_create' sin definir
collect2: error: ld returned 1 exit status
CMakeFiles/cmTC_11fb3.dir/build.make:97: recipe for target 'cmTC_11fb3' failed
make[1]: *** [cmTC_11fb3] Error 1
make[1]: se sale del directorio '/home/celia/Escritorio/Practica3-Robotica/choca/CMakeFiles/CMakeTmp'
Makefile:126: recipe for target 'cmTC_11fb3/fast' failed
make: *** [cmTC_11fb3/fast] Error 2

File /home/celia/Escritorio/Practica3-Robotica/choca/CMakeFiles/CMakeTmp/CheckSymbolExists.c:
/* */
#include <pthread.h>

int main(int argc, char** argv)
{
  (void)argv;
#ifndef pthread_create
  return ((int*)(&pthread_create))[argc];
#else
  (void)argc;
  return 0;
#endif
}

Determining if the function pthread_create exists in the pthreads failed with the following output:
Change Dir: /home/celia/Escritorio/Practica3-Robotica/choca/CMakeFiles/CMakeTmp

Run Build Command:"/usr/bin/make" "cmTC_308ef/fast"
/usr/bin/make -f CMakeFiles/cmTC_308ef.dir/build.make CMakeFiles/cmTC_308ef.dir/build
make[1]: se entra en el directorio '/home/celia/Escritorio/Practica3-Robotica/choca/CMakeFiles/CMakeTmp'
Building C object CMakeFiles/cmTC_308ef.dir/CheckFunctionExists.c.o
/usr/bin/cc   -DCHECK_FUNCTION_EXISTS=pthread_create   -o CMakeFiles/cmTC_308ef.dir/CheckFunctionExists.c.o   -c /usr/share/cmake-3.10/Modules/CheckFunctionExists.c
Linking C executable cmTC_308ef
/usr/bin/cmake -E cmake_link_script CMakeFiles/cmTC_308ef.dir/link.txt --verbose=1
/usr/bin/cc  -DCHECK_FUNCTION_EXISTS=pthread_create    -rdynamic CMakeFiles/cmTC_308ef.dir/CheckFunctionExists.c.o  -o cmTC_308ef -lpthreads 
/usr/bin/ld: no se puede encontrar -lpthreads
collect2: error: ld returned 1 exit status
CMakeFiles/cmTC_308ef.dir/build.make:97: recipe for target 'cmTC_308ef' failed
make[1]: *** [cmTC_308ef] Error 1
make[1]: se sale del directorio '/home/celia/Escritorio/Practica3-Robotica/choca/CMakeFiles/CMakeTmp'
Makefile:126: recipe for target 'cmTC_308ef/fast' failed
make: *** [cmTC_308ef/fast] Error 2


