Determining if the Q_WS_WIN exist failed with the following output:
Change Dir: /home/celia/Escritorio/Practica2/choca/CMakeFiles/CMakeTmp

Run Build Command:"/usr/bin/make" "cmTC_1ebf8/fast"
/usr/bin/make -f CMakeFiles/cmTC_1ebf8.dir/build.make CMakeFiles/cmTC_1ebf8.dir/build
make[1]: se entra en el directorio '/home/celia/Escritorio/Practica2/choca/CMakeFiles/CMakeTmp'
Building CXX object CMakeFiles/cmTC_1ebf8.dir/CheckSymbolExists.cxx.o
/usr/bin/c++   -I/usr/include/qt4   -o CMakeFiles/cmTC_1ebf8.dir/CheckSymbolExists.cxx.o -c /home/celia/Escritorio/Practica2/choca/CMakeFiles/CMakeTmp/CheckSymbolExists.cxx
/home/celia/Escritorio/Practica2/choca/CMakeFiles/CMakeTmp/CheckSymbolExists.cxx: In function ‘int main(int, char**)’:
/home/celia/Escritorio/Practica2/choca/CMakeFiles/CMakeTmp/CheckSymbolExists.cxx:8:19: error: ‘Q_WS_WIN’ was not declared in this scope
   return ((int*)(&Q_WS_WIN))[argc];
                   ^~~~~~~~
/home/celia/Escritorio/Practica2/choca/CMakeFiles/CMakeTmp/CheckSymbolExists.cxx:8:19: note: suggested alternative: ‘Q_WS_X11’
   return ((int*)(&Q_WS_WIN))[argc];
                   ^~~~~~~~
                   Q_WS_X11
CMakeFiles/cmTC_1ebf8.dir/build.make:65: recipe for target 'CMakeFiles/cmTC_1ebf8.dir/CheckSymbolExists.cxx.o' failed
make[1]: *** [CMakeFiles/cmTC_1ebf8.dir/CheckSymbolExists.cxx.o] Error 1
make[1]: se sale del directorio '/home/celia/Escritorio/Practica2/choca/CMakeFiles/CMakeTmp'
Makefile:126: recipe for target 'cmTC_1ebf8/fast' failed
make: *** [cmTC_1ebf8/fast] Error 2

File /home/celia/Escritorio/Practica2/choca/CMakeFiles/CMakeTmp/CheckSymbolExists.cxx:
/* */
#include <QtCore/qglobal.h>

int main(int argc, char** argv)
{
  (void)argv;
#ifndef Q_WS_WIN
  return ((int*)(&Q_WS_WIN))[argc];
#else
  (void)argc;
  return 0;
#endif
}

Determining if the Q_WS_QWS exist failed with the following output:
Change Dir: /home/celia/Escritorio/Practica2/choca/CMakeFiles/CMakeTmp

Run Build Command:"/usr/bin/make" "cmTC_96586/fast"
/usr/bin/make -f CMakeFiles/cmTC_96586.dir/build.make CMakeFiles/cmTC_96586.dir/build
make[1]: se entra en el directorio '/home/celia/Escritorio/Practica2/choca/CMakeFiles/CMakeTmp'
Building CXX object CMakeFiles/cmTC_96586.dir/CheckSymbolExists.cxx.o
/usr/bin/c++   -I/usr/include/qt4   -o CMakeFiles/cmTC_96586.dir/CheckSymbolExists.cxx.o -c /home/celia/Escritorio/Practica2/choca/CMakeFiles/CMakeTmp/CheckSymbolExists.cxx
/home/celia/Escritorio/Practica2/choca/CMakeFiles/CMakeTmp/CheckSymbolExists.cxx: In function ‘int main(int, char**)’:
/home/celia/Escritorio/Practica2/choca/CMakeFiles/CMakeTmp/CheckSymbolExists.cxx:8:19: error: ‘Q_WS_QWS’ was not declared in this scope
   return ((int*)(&Q_WS_QWS))[argc];
                   ^~~~~~~~
/home/celia/Escritorio/Practica2/choca/CMakeFiles/CMakeTmp/CheckSymbolExists.cxx:8:19: note: suggested alternative: ‘Q_WS_X11’
   return ((int*)(&Q_WS_QWS))[argc];
                   ^~~~~~~~
                   Q_WS_X11
CMakeFiles/cmTC_96586.dir/build.make:65: recipe for target 'CMakeFiles/cmTC_96586.dir/CheckSymbolExists.cxx.o' failed
make[1]: *** [CMakeFiles/cmTC_96586.dir/CheckSymbolExists.cxx.o] Error 1
make[1]: se sale del directorio '/home/celia/Escritorio/Practica2/choca/CMakeFiles/CMakeTmp'
Makefile:126: recipe for target 'cmTC_96586/fast' failed
make: *** [cmTC_96586/fast] Error 2

File /home/celia/Escritorio/Practica2/choca/CMakeFiles/CMakeTmp/CheckSymbolExists.cxx:
/* */
#include <QtCore/qglobal.h>

int main(int argc, char** argv)
{
  (void)argv;
#ifndef Q_WS_QWS
  return ((int*)(&Q_WS_QWS))[argc];
#else
  (void)argc;
  return 0;
#endif
}

Determining if the Q_WS_MAC exist failed with the following output:
Change Dir: /home/celia/Escritorio/Practica2/choca/CMakeFiles/CMakeTmp

Run Build Command:"/usr/bin/make" "cmTC_d933a/fast"
/usr/bin/make -f CMakeFiles/cmTC_d933a.dir/build.make CMakeFiles/cmTC_d933a.dir/build
make[1]: se entra en el directorio '/home/celia/Escritorio/Practica2/choca/CMakeFiles/CMakeTmp'
Building CXX object CMakeFiles/cmTC_d933a.dir/CheckSymbolExists.cxx.o
/usr/bin/c++   -I/usr/include/qt4   -o CMakeFiles/cmTC_d933a.dir/CheckSymbolExists.cxx.o -c /home/celia/Escritorio/Practica2/choca/CMakeFiles/CMakeTmp/CheckSymbolExists.cxx
/home/celia/Escritorio/Practica2/choca/CMakeFiles/CMakeTmp/CheckSymbolExists.cxx: In function ‘int main(int, char**)’:
/home/celia/Escritorio/Practica2/choca/CMakeFiles/CMakeTmp/CheckSymbolExists.cxx:8:19: error: ‘Q_WS_MAC’ was not declared in this scope
   return ((int*)(&Q_WS_MAC))[argc];
                   ^~~~~~~~
/home/celia/Escritorio/Practica2/choca/CMakeFiles/CMakeTmp/CheckSymbolExists.cxx:8:19: note: suggested alternative: ‘Q_WS_X11’
   return ((int*)(&Q_WS_MAC))[argc];
                   ^~~~~~~~
                   Q_WS_X11
CMakeFiles/cmTC_d933a.dir/build.make:65: recipe for target 'CMakeFiles/cmTC_d933a.dir/CheckSymbolExists.cxx.o' failed
make[1]: *** [CMakeFiles/cmTC_d933a.dir/CheckSymbolExists.cxx.o] Error 1
make[1]: se sale del directorio '/home/celia/Escritorio/Practica2/choca/CMakeFiles/CMakeTmp'
Makefile:126: recipe for target 'cmTC_d933a/fast' failed
make: *** [cmTC_d933a/fast] Error 2

File /home/celia/Escritorio/Practica2/choca/CMakeFiles/CMakeTmp/CheckSymbolExists.cxx:
/* */
#include <QtCore/qglobal.h>

int main(int argc, char** argv)
{
  (void)argv;
#ifndef Q_WS_MAC
  return ((int*)(&Q_WS_MAC))[argc];
#else
  (void)argc;
  return 0;
#endif
}

Determining if the pthread_create exist failed with the following output:
Change Dir: /home/celia/Escritorio/Practica2/choca/CMakeFiles/CMakeTmp

Run Build Command:"/usr/bin/make" "cmTC_5f6ce/fast"
/usr/bin/make -f CMakeFiles/cmTC_5f6ce.dir/build.make CMakeFiles/cmTC_5f6ce.dir/build
make[1]: se entra en el directorio '/home/celia/Escritorio/Practica2/choca/CMakeFiles/CMakeTmp'
Building C object CMakeFiles/cmTC_5f6ce.dir/CheckSymbolExists.c.o
/usr/bin/cc    -o CMakeFiles/cmTC_5f6ce.dir/CheckSymbolExists.c.o   -c /home/celia/Escritorio/Practica2/choca/CMakeFiles/CMakeTmp/CheckSymbolExists.c
Linking C executable cmTC_5f6ce
/usr/bin/cmake -E cmake_link_script CMakeFiles/cmTC_5f6ce.dir/link.txt --verbose=1
/usr/bin/cc      -rdynamic CMakeFiles/cmTC_5f6ce.dir/CheckSymbolExists.c.o  -o cmTC_5f6ce 
CMakeFiles/cmTC_5f6ce.dir/CheckSymbolExists.c.o: En la función `main':
CheckSymbolExists.c:(.text+0x1b): referencia a `pthread_create' sin definir
collect2: error: ld returned 1 exit status
CMakeFiles/cmTC_5f6ce.dir/build.make:97: recipe for target 'cmTC_5f6ce' failed
make[1]: *** [cmTC_5f6ce] Error 1
make[1]: se sale del directorio '/home/celia/Escritorio/Practica2/choca/CMakeFiles/CMakeTmp'
Makefile:126: recipe for target 'cmTC_5f6ce/fast' failed
make: *** [cmTC_5f6ce/fast] Error 2

File /home/celia/Escritorio/Practica2/choca/CMakeFiles/CMakeTmp/CheckSymbolExists.c:
/* */
#include <pthread.h>

int main(int argc, char** argv)
{
  (void)argv;
#ifndef pthread_create
  return ((int*)(&pthread_create))[argc];
#else
  (void)argc;
  return 0;
#endif
}

Determining if the function pthread_create exists in the pthreads failed with the following output:
Change Dir: /home/celia/Escritorio/Practica2/choca/CMakeFiles/CMakeTmp

Run Build Command:"/usr/bin/make" "cmTC_933fc/fast"
/usr/bin/make -f CMakeFiles/cmTC_933fc.dir/build.make CMakeFiles/cmTC_933fc.dir/build
make[1]: se entra en el directorio '/home/celia/Escritorio/Practica2/choca/CMakeFiles/CMakeTmp'
Building C object CMakeFiles/cmTC_933fc.dir/CheckFunctionExists.c.o
/usr/bin/cc   -DCHECK_FUNCTION_EXISTS=pthread_create   -o CMakeFiles/cmTC_933fc.dir/CheckFunctionExists.c.o   -c /usr/share/cmake-3.10/Modules/CheckFunctionExists.c
Linking C executable cmTC_933fc
/usr/bin/cmake -E cmake_link_script CMakeFiles/cmTC_933fc.dir/link.txt --verbose=1
/usr/bin/cc  -DCHECK_FUNCTION_EXISTS=pthread_create    -rdynamic CMakeFiles/cmTC_933fc.dir/CheckFunctionExists.c.o  -o cmTC_933fc -lpthreads 
/usr/bin/x86_64-linux-gnu-ld: no se puede encontrar -lpthreads
collect2: error: ld returned 1 exit status
CMakeFiles/cmTC_933fc.dir/build.make:97: recipe for target 'cmTC_933fc' failed
make[1]: *** [cmTC_933fc] Error 1
make[1]: se sale del directorio '/home/celia/Escritorio/Practica2/choca/CMakeFiles/CMakeTmp'
Makefile:126: recipe for target 'cmTC_933fc/fast' failed
make: *** [cmTC_933fc/fast] Error 2


